<?xml version="1.0" encoding="UTF-8"?>
<testsuites name="TS_Notification_Email_Service" time="29" tests="9" failures="1" errors="0">
   <testsuite name="TS_Notification_Email_Service" tests="9" failures="1" errors="0" time="29" timestamp="2018-10-10 11:15:32" hostname="Anuk - CL-AnukD" id="Test Suites/TS_Notification_Email_Service">
      <properties>
         <property name="deviceName" value=""/>
         <property name="devicePlatform" value=""/>
         <property name="logFolder" value="C:\\Users\\anuk\\Katalon Studio\\Qmatic\\Reports\\TS_Notification_Email_Service\\20181010_111527"/>
         <property name="logFiles" value="C:\\Users\\anuk\\Katalon Studio\\Qmatic\\Reports\\TS_Notification_Email_Service\\20181010_111527\\execution0.log"/>
         <property name="attachments" value=""/>
         <property name="hostName" value="Anuk - CL-AnukD"/>
         <property name="hostAddress" value="127.0.0.1"/>
         <property name="os" value="Windows 7 64bit"/>
         <property name="katalonVersion" value="5.7.1.1"/>
      </properties>
      <testcase name="Test Cases/WebService/Notification/TC_checkCalendarJSON" classname="Test Cases/WebService/Notification/TC_checkCalendarJSON" status="PASSED">
         <system-out><![CDATA[2018-10-10 11:15:32 - [TEST_CASE][PASSED] - Test Cases/WebService/Notification/TC_checkCalendarJSON: Test Cases/WebService/Notification/TC_checkCalendarJSON

2018-10-10 11:15:33 - [TEST_STEP][PASSED] - Statement - response = com.kms.katalon.core.webservice.keyword.WSBuiltInKeywords.sendRequest(com.kms.katalon.core.testobject.ObjectRepository.findTestObject(NotificationAPIs/checkCalJSON)): Send request successfully

2018-10-10 11:15:34 - [MESSAGE][PASSED] - Send request successfully

2018-10-10 11:15:34 - [TEST_STEP][PASSED] - verifyResponseStatusCode: Verify response status code successfully

2018-10-10 11:15:34 - [MESSAGE][PASSED] - Verify response status code successfully

2018-10-10 11:15:34 - [TEST_STEP][PASSED] - verifyElementPropertyValue: Verify element property value successfully

2018-10-10 11:15:34 - [MESSAGE][PASSED] - Verify element property value successfully

2018-10-10 11:15:34 - [TEST_STEP][PASSED] - verifyElementPropertyValue: Verify element property value successfully

2018-10-10 11:15:34 - [MESSAGE][PASSED] - Verify element property value successfully]]></system-out>
         <system-err><![CDATA[]]></system-err>
      </testcase>
      <testcase name="Test Cases/WebService/Notification/TC_emptyBody" classname="Test Cases/WebService/Notification/TC_emptyBody" status="FAILED">
         <failure type="FAILED" message="(Stack trace: com.kms.katalon.core.exception.StepFailedException: Unable to send request (Root cause: java.net.ConnectException: Connection timed out: connect)
	at com.kms.katalon.core.keyword.internal.KeywordMain.stepFailed(KeywordMain.groovy:36)
	at com.kms.katalon.core.keyword.internal.KeywordMain.stepFailed(KeywordMain.groovy)
	at com.kms.katalon.core.keyword.internal.KeywordMain.runKeyword(KeywordMain.groovy:56)
	at com.kms.katalon.core.webservice.keyword.builtin.SendRequestKeyword.sendRequest(SendRequestKeyword.groovy:43)
	at com.kms.katalon.core.webservice.keyword.builtin.SendRequestKeyword.execute(SendRequestKeyword.groovy:38)
	at com.kms.katalon.core.keyword.internal.KeywordExecutor.executeKeywordForPlatform(KeywordExecutor.groovy:53)
	at com.kms.katalon.core.webservice.keyword.WSBuiltInKeywords.sendRequest(WSBuiltInKeywords.groovy:40)
	at com.kms.katalon.core.webservice.keyword.WSBuiltInKeywords$sendRequest.call(Unknown Source)
	at org.codehaus.groovy.runtime.callsite.CallSiteArray.defaultCall(CallSiteArray.java:48)
	at org.codehaus.groovy.runtime.callsite.AbstractCallSite.call(AbstractCallSite.java:113)
	at org.codehaus.groovy.runtime.callsite.AbstractCallSite.call(AbstractCallSite.java:125)
	at Script1538045536586.run(Script1538045536586.groovy:16)
	at com.kms.katalon.core.main.ScriptEngine.run(ScriptEngine.java:183)
	at com.kms.katalon.core.main.ScriptEngine.runScriptAsRawText(ScriptEngine.java:108)
	at com.kms.katalon.core.main.TestCaseExecutor.runScript(TestCaseExecutor.java:294)
	at com.kms.katalon.core.main.TestCaseExecutor.doExecute(TestCaseExecutor.java:285)
	at com.kms.katalon.core.main.TestCaseExecutor.processExecutionPhase(TestCaseExecutor.java:264)
	at com.kms.katalon.core.main.TestCaseExecutor.accessMainPhase(TestCaseExecutor.java:256)
	at com.kms.katalon.core.main.TestCaseExecutor.execute(TestCaseExecutor.java:200)
	at com.kms.katalon.core.main.TestSuiteExecutor.accessTestCaseMainPhase(TestSuiteExecutor.java:129)
	at com.kms.katalon.core.main.TestSuiteExecutor.accessTestSuiteMainPhase(TestSuiteExecutor.java:112)
	at com.kms.katalon.core.main.TestSuiteExecutor.execute(TestSuiteExecutor.java:81)
	at com.kms.katalon.core.main.TestCaseMain.startTestSuite(TestCaseMain.java:142)
	at com.kms.katalon.core.main.TestCaseMain$startTestSuite$0.call(Unknown Source)
	at org.codehaus.groovy.runtime.callsite.CallSiteArray.defaultCall(CallSiteArray.java:48)
	at org.codehaus.groovy.runtime.callsite.AbstractCallSite.call(AbstractCallSite.java:113)
	at org.codehaus.groovy.runtime.callsite.AbstractCallSite.call(AbstractCallSite.java:141)
	at TempTestSuite1539150327712.run(TempTestSuite1539150327712.groovy:36)
	at groovy.lang.GroovyShell.runScriptOrMainOrTestOrRunnable(GroovyShell.java:263)
	at groovy.lang.GroovyShell.run(GroovyShell.java:518)
	at groovy.lang.GroovyShell.run(GroovyShell.java:507)
	at groovy.ui.GroovyMain.processOnce(GroovyMain.java:653)
	at groovy.ui.GroovyMain.run(GroovyMain.java:384)
	at groovy.ui.GroovyMain.process(GroovyMain.java:370)
	at groovy.ui.GroovyMain.processArgs(GroovyMain.java:129)
	at groovy.ui.GroovyMain.main(GroovyMain.java:109)
	at sun.reflect.NativeMethodAccessorImpl.invoke0(Native Method)
	at sun.reflect.NativeMethodAccessorImpl.invoke(NativeMethodAccessorImpl.java:62)
	at sun.reflect.DelegatingMethodAccessorImpl.invoke(DelegatingMethodAccessorImpl.java:43)
	at java.lang.reflect.Method.invoke(Method.java:498)
	at org.codehaus.groovy.tools.GroovyStarter.rootLoader(GroovyStarter.java:109)
	at org.codehaus.groovy.tools.GroovyStarter.main(GroovyStarter.java:131)
)"/>
         <system-out><![CDATA[2018-10-10 11:15:34 - [TEST_CASE][FAILED] - Test Cases/WebService/Notification/TC_emptyBody: Test Cases/WebService/Notification/TC_emptyBody FAILED because (of) (Stack trace: com.kms.katalon.core.exception.StepFailedException: Unable to send request (Root cause: java.net.ConnectException: Connection timed out: connect)
	at com.kms.katalon.core.keyword.internal.KeywordMain.stepFailed(KeywordMain.groovy:36)
	at com.kms.katalon.core.keyword.internal.KeywordMain.stepFailed(KeywordMain.groovy)
	at com.kms.katalon.core.keyword.internal.KeywordMain.runKeyword(KeywordMain.groovy:56)
	at com.kms.katalon.core.webservice.keyword.builtin.SendRequestKeyword.sendRequest(SendRequestKeyword.groovy:43)
	at com.kms.katalon.core.webservice.keyword.builtin.SendRequestKeyword.execute(SendRequestKeyword.groovy:38)
	at com.kms.katalon.core.keyword.internal.KeywordExecutor.executeKeywordForPlatform(KeywordExecutor.groovy:53)
	at com.kms.katalon.core.webservice.keyword.WSBuiltInKeywords.sendRequest(WSBuiltInKeywords.groovy:40)
	at com.kms.katalon.core.webservice.keyword.WSBuiltInKeywords$sendRequest.call(Unknown Source)
	at org.codehaus.groovy.runtime.callsite.CallSiteArray.defaultCall(CallSiteArray.java:48)
	at org.codehaus.groovy.runtime.callsite.AbstractCallSite.call(AbstractCallSite.java:113)
	at org.codehaus.groovy.runtime.callsite.AbstractCallSite.call(AbstractCallSite.java:125)
	at Script1538045536586.run(Script1538045536586.groovy:16)
	at com.kms.katalon.core.main.ScriptEngine.run(ScriptEngine.java:183)
	at com.kms.katalon.core.main.ScriptEngine.runScriptAsRawText(ScriptEngine.java:108)
	at com.kms.katalon.core.main.TestCaseExecutor.runScript(TestCaseExecutor.java:294)
	at com.kms.katalon.core.main.TestCaseExecutor.doExecute(TestCaseExecutor.java:285)
	at com.kms.katalon.core.main.TestCaseExecutor.processExecutionPhase(TestCaseExecutor.java:264)
	at com.kms.katalon.core.main.TestCaseExecutor.accessMainPhase(TestCaseExecutor.java:256)
	at com.kms.katalon.core.main.TestCaseExecutor.execute(TestCaseExecutor.java:200)
	at com.kms.katalon.core.main.TestSuiteExecutor.accessTestCaseMainPhase(TestSuiteExecutor.java:129)
	at com.kms.katalon.core.main.TestSuiteExecutor.accessTestSuiteMainPhase(TestSuiteExecutor.java:112)
	at com.kms.katalon.core.main.TestSuiteExecutor.execute(TestSuiteExecutor.java:81)
	at com.kms.katalon.core.main.TestCaseMain.startTestSuite(TestCaseMain.java:142)
	at com.kms.katalon.core.main.TestCaseMain$startTestSuite$0.call(Unknown Source)
	at org.codehaus.groovy.runtime.callsite.CallSiteArray.defaultCall(CallSiteArray.java:48)
	at org.codehaus.groovy.runtime.callsite.AbstractCallSite.call(AbstractCallSite.java:113)
	at org.codehaus.groovy.runtime.callsite.AbstractCallSite.call(AbstractCallSite.java:141)
	at TempTestSuite1539150327712.run(TempTestSuite1539150327712.groovy:36)
	at groovy.lang.GroovyShell.runScriptOrMainOrTestOrRunnable(GroovyShell.java:263)
	at groovy.lang.GroovyShell.run(GroovyShell.java:518)
	at groovy.lang.GroovyShell.run(GroovyShell.java:507)
	at groovy.ui.GroovyMain.processOnce(GroovyMain.java:653)
	at groovy.ui.GroovyMain.run(GroovyMain.java:384)
	at groovy.ui.GroovyMain.process(GroovyMain.java:370)
	at groovy.ui.GroovyMain.processArgs(GroovyMain.java:129)
	at groovy.ui.GroovyMain.main(GroovyMain.java:109)
	at sun.reflect.NativeMethodAccessorImpl.invoke0(Native Method)
	at sun.reflect.NativeMethodAccessorImpl.invoke(NativeMethodAccessorImpl.java:62)
	at sun.reflect.DelegatingMethodAccessorImpl.invoke(DelegatingMethodAccessorImpl.java:43)
	at java.lang.reflect.Method.invoke(Method.java:498)
	at org.codehaus.groovy.tools.GroovyStarter.rootLoader(GroovyStarter.java:109)
	at org.codehaus.groovy.tools.GroovyStarter.main(GroovyStarter.java:131)
)

2018-10-10 11:15:34 - [TEST_STEP][FAILED] - Statement - response = com.kms.katalon.core.webservice.keyword.WSBuiltInKeywords.sendRequest(com.kms.katalon.core.testobject.ObjectRepository.findTestObject(NotificationAPIs/emptyBody)): Unable to send request (Root cause: java.net.ConnectException: Connection timed out: connect)

2018-10-10 11:15:55 - [MESSAGE][FAILED] - Unable to send request (Root cause: java.net.ConnectException: Connection timed out: connect)]]></system-out>
         <system-err><![CDATA[2018-10-10 11:15:34 - [TEST_CASE][FAILED] - Test Cases/WebService/Notification/TC_emptyBody: Test Cases/WebService/Notification/TC_emptyBody FAILED because (of) (Stack trace: com.kms.katalon.core.exception.StepFailedException: Unable to send request (Root cause: java.net.ConnectException: Connection timed out: connect)
	at com.kms.katalon.core.keyword.internal.KeywordMain.stepFailed(KeywordMain.groovy:36)
	at com.kms.katalon.core.keyword.internal.KeywordMain.stepFailed(KeywordMain.groovy)
	at com.kms.katalon.core.keyword.internal.KeywordMain.runKeyword(KeywordMain.groovy:56)
	at com.kms.katalon.core.webservice.keyword.builtin.SendRequestKeyword.sendRequest(SendRequestKeyword.groovy:43)
	at com.kms.katalon.core.webservice.keyword.builtin.SendRequestKeyword.execute(SendRequestKeyword.groovy:38)
	at com.kms.katalon.core.keyword.internal.KeywordExecutor.executeKeywordForPlatform(KeywordExecutor.groovy:53)
	at com.kms.katalon.core.webservice.keyword.WSBuiltInKeywords.sendRequest(WSBuiltInKeywords.groovy:40)
	at com.kms.katalon.core.webservice.keyword.WSBuiltInKeywords$sendRequest.call(Unknown Source)
	at org.codehaus.groovy.runtime.callsite.CallSiteArray.defaultCall(CallSiteArray.java:48)
	at org.codehaus.groovy.runtime.callsite.AbstractCallSite.call(AbstractCallSite.java:113)
	at org.codehaus.groovy.runtime.callsite.AbstractCallSite.call(AbstractCallSite.java:125)
	at Script1538045536586.run(Script1538045536586.groovy:16)
	at com.kms.katalon.core.main.ScriptEngine.run(ScriptEngine.java:183)
	at com.kms.katalon.core.main.ScriptEngine.runScriptAsRawText(ScriptEngine.java:108)
	at com.kms.katalon.core.main.TestCaseExecutor.runScript(TestCaseExecutor.java:294)
	at com.kms.katalon.core.main.TestCaseExecutor.doExecute(TestCaseExecutor.java:285)
	at com.kms.katalon.core.main.TestCaseExecutor.processExecutionPhase(TestCaseExecutor.java:264)
	at com.kms.katalon.core.main.TestCaseExecutor.accessMainPhase(TestCaseExecutor.java:256)
	at com.kms.katalon.core.main.TestCaseExecutor.execute(TestCaseExecutor.java:200)
	at com.kms.katalon.core.main.TestSuiteExecutor.accessTestCaseMainPhase(TestSuiteExecutor.java:129)
	at com.kms.katalon.core.main.TestSuiteExecutor.accessTestSuiteMainPhase(TestSuiteExecutor.java:112)
	at com.kms.katalon.core.main.TestSuiteExecutor.execute(TestSuiteExecutor.java:81)
	at com.kms.katalon.core.main.TestCaseMain.startTestSuite(TestCaseMain.java:142)
	at com.kms.katalon.core.main.TestCaseMain$startTestSuite$0.call(Unknown Source)
	at org.codehaus.groovy.runtime.callsite.CallSiteArray.defaultCall(CallSiteArray.java:48)
	at org.codehaus.groovy.runtime.callsite.AbstractCallSite.call(AbstractCallSite.java:113)
	at org.codehaus.groovy.runtime.callsite.AbstractCallSite.call(AbstractCallSite.java:141)
	at TempTestSuite1539150327712.run(TempTestSuite1539150327712.groovy:36)
	at groovy.lang.GroovyShell.runScriptOrMainOrTestOrRunnable(GroovyShell.java:263)
	at groovy.lang.GroovyShell.run(GroovyShell.java:518)
	at groovy.lang.GroovyShell.run(GroovyShell.java:507)
	at groovy.ui.GroovyMain.processOnce(GroovyMain.java:653)
	at groovy.ui.GroovyMain.run(GroovyMain.java:384)
	at groovy.ui.GroovyMain.process(GroovyMain.java:370)
	at groovy.ui.GroovyMain.processArgs(GroovyMain.java:129)
	at groovy.ui.GroovyMain.main(GroovyMain.java:109)
	at sun.reflect.NativeMethodAccessorImpl.invoke0(Native Method)
	at sun.reflect.NativeMethodAccessorImpl.invoke(NativeMethodAccessorImpl.java:62)
	at sun.reflect.DelegatingMethodAccessorImpl.invoke(DelegatingMethodAccessorImpl.java:43)
	at java.lang.reflect.Method.invoke(Method.java:498)
	at org.codehaus.groovy.tools.GroovyStarter.rootLoader(GroovyStarter.java:109)
	at org.codehaus.groovy.tools.GroovyStarter.main(GroovyStarter.java:131)
)]]></system-err>
      </testcase>
      <testcase name="Test Cases/WebService/Notification/TC_emptyFromEmail" classname="Test Cases/WebService/Notification/TC_emptyFromEmail" status="PASSED">
         <system-out><![CDATA[2018-10-10 11:15:55 - [TEST_CASE][PASSED] - Test Cases/WebService/Notification/TC_emptyFromEmail: Test Cases/WebService/Notification/TC_emptyFromEmail

2018-10-10 11:15:55 - [TEST_STEP][PASSED] - Statement - response = com.kms.katalon.core.webservice.keyword.WSBuiltInKeywords.sendRequest(com.kms.katalon.core.testobject.ObjectRepository.findTestObject(NotificationAPIs/emptyFromEmail)): Send request successfully

2018-10-10 11:15:56 - [MESSAGE][PASSED] - Send request successfully

2018-10-10 11:15:56 - [TEST_STEP][PASSED] - verifyResponseStatusCode: Verify response status code successfully

2018-10-10 11:15:56 - [MESSAGE][PASSED] - Verify response status code successfully

2018-10-10 11:15:56 - [TEST_STEP][PASSED] - verifyElementPropertyValue: Verify element property value successfully

2018-10-10 11:15:56 - [MESSAGE][PASSED] - Verify element property value successfully

2018-10-10 11:15:56 - [TEST_STEP][PASSED] - verifyElementPropertyValue: Verify element property value successfully

2018-10-10 11:15:56 - [MESSAGE][PASSED] - Verify element property value successfully]]></system-out>
         <system-err><![CDATA[]]></system-err>
      </testcase>
      <testcase name="Test Cases/WebService/Notification/TC_emptyQRCode" classname="Test Cases/WebService/Notification/TC_emptyQRCode" status="PASSED">
         <system-out><![CDATA[2018-10-10 11:15:56 - [TEST_CASE][PASSED] - Test Cases/WebService/Notification/TC_emptyQRCode: Test Cases/WebService/Notification/TC_emptyQRCode

2018-10-10 11:15:56 - [TEST_STEP][PASSED] - Statement - response = com.kms.katalon.core.webservice.keyword.WSBuiltInKeywords.sendRequest(com.kms.katalon.core.testobject.ObjectRepository.findTestObject(NotificationAPIs/emptyQR)): Send request successfully

2018-10-10 11:15:56 - [MESSAGE][PASSED] - Send request successfully

2018-10-10 11:15:56 - [TEST_STEP][PASSED] - verifyResponseStatusCode: Verify response status code successfully

2018-10-10 11:15:56 - [MESSAGE][PASSED] - Verify response status code successfully

2018-10-10 11:15:56 - [TEST_STEP][PASSED] - verifyElementPropertyValue: Verify element property value successfully

2018-10-10 11:15:56 - [MESSAGE][PASSED] - Verify element property value successfully

2018-10-10 11:15:56 - [TEST_STEP][PASSED] - verifyElementPropertyValue: Verify element property value successfully

2018-10-10 11:15:56 - [MESSAGE][PASSED] - Verify element property value successfully]]></system-out>
         <system-err><![CDATA[]]></system-err>
      </testcase>
      <testcase name="Test Cases/WebService/Notification/TC_emptySubject" classname="Test Cases/WebService/Notification/TC_emptySubject" status="PASSED">
         <system-out><![CDATA[2018-10-10 11:15:56 - [TEST_CASE][PASSED] - Test Cases/WebService/Notification/TC_emptySubject: Test Cases/WebService/Notification/TC_emptySubject

2018-10-10 11:15:57 - [TEST_STEP][PASSED] - Statement - response = com.kms.katalon.core.webservice.keyword.WSBuiltInKeywords.sendRequest(com.kms.katalon.core.testobject.ObjectRepository.findTestObject(NotificationAPIs/emptySubject)): Send request successfully

2018-10-10 11:15:57 - [MESSAGE][PASSED] - Send request successfully

2018-10-10 11:15:57 - [TEST_STEP][PASSED] - verifyResponseStatusCode: Verify response status code successfully

2018-10-10 11:15:57 - [MESSAGE][PASSED] - Verify response status code successfully

2018-10-10 11:15:57 - [TEST_STEP][PASSED] - verifyElementPropertyValue: Verify element property value successfully

2018-10-10 11:15:57 - [MESSAGE][PASSED] - Verify element property value successfully

2018-10-10 11:15:57 - [TEST_STEP][PASSED] - verifyElementPropertyValue: Verify element property value successfully

2018-10-10 11:15:57 - [MESSAGE][PASSED] - Verify element property value successfully]]></system-out>
         <system-err><![CDATA[]]></system-err>
      </testcase>
      <testcase name="Test Cases/WebService/Notification/TC_emptyEmailTenantID" classname="Test Cases/WebService/Notification/TC_emptyEmailTenantID" status="PASSED">
         <system-out><![CDATA[2018-10-10 11:15:57 - [TEST_CASE][PASSED] - Test Cases/WebService/Notification/TC_emptyEmailTenantID: Test Cases/WebService/Notification/TC_emptyEmailTenantID

2018-10-10 11:15:57 - [TEST_STEP][PASSED] - Statement - response = com.kms.katalon.core.webservice.keyword.WSBuiltInKeywords.sendRequest(com.kms.katalon.core.testobject.ObjectRepository.findTestObject(NotificationAPIs/emptyTentant)): Send request successfully

2018-10-10 11:15:58 - [MESSAGE][PASSED] - Send request successfully

2018-10-10 11:15:58 - [TEST_STEP][PASSED] - verifyResponseStatusCode: Verify response status code successfully

2018-10-10 11:15:58 - [MESSAGE][PASSED] - Verify response status code successfully

2018-10-10 11:15:58 - [TEST_STEP][PASSED] - verifyElementPropertyValue: Verify element property value successfully

2018-10-10 11:15:58 - [MESSAGE][PASSED] - Verify element property value successfully

2018-10-10 11:15:58 - [TEST_STEP][PASSED] - verifyElementPropertyValue: Verify element property value successfully

2018-10-10 11:15:58 - [MESSAGE][PASSED] - Verify element property value successfully]]></system-out>
         <system-err><![CDATA[]]></system-err>
      </testcase>
      <testcase name="Test Cases/WebService/Notification/TC_emptyToEmail" classname="Test Cases/WebService/Notification/TC_emptyToEmail" status="PASSED">
         <system-out><![CDATA[2018-10-10 11:15:58 - [TEST_CASE][PASSED] - Test Cases/WebService/Notification/TC_emptyToEmail: Test Cases/WebService/Notification/TC_emptyToEmail

2018-10-10 11:15:58 - [TEST_STEP][PASSED] - Statement - response = com.kms.katalon.core.webservice.keyword.WSBuiltInKeywords.sendRequest(com.kms.katalon.core.testobject.ObjectRepository.findTestObject(NotificationAPIs/emptyToEmail)): Send request successfully

2018-10-10 11:15:58 - [MESSAGE][PASSED] - Send request successfully

2018-10-10 11:15:58 - [TEST_STEP][PASSED] - verifyResponseStatusCode: Verify response status code successfully

2018-10-10 11:15:58 - [MESSAGE][PASSED] - Verify response status code successfully

2018-10-10 11:15:58 - [TEST_STEP][PASSED] - verifyElementPropertyValue: Verify element property value successfully

2018-10-10 11:15:58 - [MESSAGE][PASSED] - Verify element property value successfully

2018-10-10 11:15:58 - [TEST_STEP][PASSED] - verifyElementPropertyValue: Verify element property value successfully

2018-10-10 11:15:58 - [MESSAGE][PASSED] - Verify element property value successfully]]></system-out>
         <system-err><![CDATA[]]></system-err>
      </testcase>
      <testcase name="Test Cases/WebService/Notification/TC_invalidFromEmail" classname="Test Cases/WebService/Notification/TC_invalidFromEmail" status="PASSED">
         <system-out><![CDATA[2018-10-10 11:15:58 - [TEST_CASE][PASSED] - Test Cases/WebService/Notification/TC_invalidFromEmail: Test Cases/WebService/Notification/TC_invalidFromEmail

2018-10-10 11:15:59 - [TEST_STEP][PASSED] - Statement - response = com.kms.katalon.core.webservice.keyword.WSBuiltInKeywords.sendRequest(com.kms.katalon.core.testobject.ObjectRepository.findTestObject(NotificationAPIs/invalidFromEmail)): Send request successfully

2018-10-10 11:15:59 - [MESSAGE][PASSED] - Send request successfully

2018-10-10 11:15:59 - [TEST_STEP][PASSED] - verifyResponseStatusCode: Verify response status code successfully

2018-10-10 11:15:59 - [MESSAGE][PASSED] - Verify response status code successfully

2018-10-10 11:15:59 - [TEST_STEP][PASSED] - verifyElementPropertyValue: Verify element property value successfully

2018-10-10 11:15:59 - [MESSAGE][PASSED] - Verify element property value successfully

2018-10-10 11:15:59 - [TEST_STEP][PASSED] - verifyElementPropertyValue: Verify element property value successfully

2018-10-10 11:15:59 - [MESSAGE][PASSED] - Verify element property value successfully]]></system-out>
         <system-err><![CDATA[]]></system-err>
      </testcase>
      <testcase name="Test Cases/WebService/Notification/TC_invalidToEmail" classname="Test Cases/WebService/Notification/TC_invalidToEmail" status="PASSED">
         <system-out><![CDATA[2018-10-10 11:15:59 - [TEST_CASE][PASSED] - Test Cases/WebService/Notification/TC_invalidToEmail: Test Cases/WebService/Notification/TC_invalidToEmail

2018-10-10 11:15:59 - [TEST_STEP][PASSED] - Statement - response = com.kms.katalon.core.webservice.keyword.WSBuiltInKeywords.sendRequest(com.kms.katalon.core.testobject.ObjectRepository.findTestObject(NotificationAPIs/invalidToEmail)): Send request successfully

2018-10-10 11:16:00 - [MESSAGE][PASSED] - Send request successfully

2018-10-10 11:16:00 - [TEST_STEP][PASSED] - verifyResponseStatusCode: Verify response status code successfully

2018-10-10 11:16:00 - [MESSAGE][PASSED] - Verify response status code successfully

2018-10-10 11:16:00 - [TEST_STEP][PASSED] - verifyElementPropertyValue: Verify element property value successfully

2018-10-10 11:16:00 - [MESSAGE][PASSED] - Verify element property value successfully

2018-10-10 11:16:00 - [TEST_STEP][PASSED] - verifyElementPropertyValue: Verify element property value successfully

2018-10-10 11:16:00 - [MESSAGE][PASSED] - Verify element property value successfully]]></system-out>
         <system-err><![CDATA[]]></system-err>
      </testcase>
      <testcase name="Test Cases/WebService/Notification/TC_sendEmail" classname="Test Cases/WebService/Notification/TC_sendEmail" status="PASSED">
         <system-out><![CDATA[2018-10-10 11:16:00 - [TEST_CASE][PASSED] - Test Cases/WebService/Notification/TC_sendEmail: Test Cases/WebService/Notification/TC_sendEmail

2018-10-10 11:16:00 - [TEST_STEP][PASSED] - Statement - response = com.kms.katalon.core.webservice.keyword.WSBuiltInKeywords.sendRequest(com.kms.katalon.core.testobject.ObjectRepository.findTestObject(NotificationAPIs/sendEmail)): Send request successfully

2018-10-10 11:16:01 - [MESSAGE][PASSED] - Send request successfully

2018-10-10 11:16:01 - [TEST_STEP][PASSED] - verifyResponseStatusCode: Verify response status code successfully

2018-10-10 11:16:01 - [MESSAGE][PASSED] - Verify response status code successfully

2018-10-10 11:16:01 - [TEST_STEP][PASSED] - verifyElementPropertyValue: Verify element property value successfully

2018-10-10 11:16:01 - [MESSAGE][PASSED] - Verify element property value successfully

2018-10-10 11:16:01 - [TEST_STEP][PASSED] - verifyElementPropertyValue: Verify element property value successfully

2018-10-10 11:16:01 - [MESSAGE][PASSED] - Verify element property value successfully]]></system-out>
         <system-err><![CDATA[]]></system-err>
      </testcase>
      <system-out><![CDATA[2018-10-10 11:15:32 - [TEST_SUITE][FAILED] - TS_Notification_Email_Service: Test Cases/WebService/Notification/TC_emptyBody FAILED because (of) (Stack trace: com.kms.katalon.core.exception.StepFailedException: Unable to send request (Root cause: java.net.ConnectException: Connection timed out: connect)
	at com.kms.katalon.core.keyword.internal.KeywordMain.stepFailed(KeywordMain.groovy:36)
	at com.kms.katalon.core.keyword.internal.KeywordMain.stepFailed(KeywordMain.groovy)
	at com.kms.katalon.core.keyword.internal.KeywordMain.runKeyword(KeywordMain.groovy:56)
	at com.kms.katalon.core.webservice.keyword.builtin.SendRequestKeyword.sendRequest(SendRequestKeyword.groovy:43)
	at com.kms.katalon.core.webservice.keyword.builtin.SendRequestKeyword.execute(SendRequestKeyword.groovy:38)
	at com.kms.katalon.core.keyword.internal.KeywordExecutor.executeKeywordForPlatform(KeywordExecutor.groovy:53)
	at com.kms.katalon.core.webservice.keyword.WSBuiltInKeywords.sendRequest(WSBuiltInKeywords.groovy:40)
	at com.kms.katalon.core.webservice.keyword.WSBuiltInKeywords$sendRequest.call(Unknown Source)
	at org.codehaus.groovy.runtime.callsite.CallSiteArray.defaultCall(CallSiteArray.java:48)
	at org.codehaus.groovy.runtime.callsite.AbstractCallSite.call(AbstractCallSite.java:113)
	at org.codehaus.groovy.runtime.callsite.AbstractCallSite.call(AbstractCallSite.java:125)
	at Script1538045536586.run(Script1538045536586.groovy:16)
	at com.kms.katalon.core.main.ScriptEngine.run(ScriptEngine.java:183)
	at com.kms.katalon.core.main.ScriptEngine.runScriptAsRawText(ScriptEngine.java:108)
	at com.kms.katalon.core.main.TestCaseExecutor.runScript(TestCaseExecutor.java:294)
	at com.kms.katalon.core.main.TestCaseExecutor.doExecute(TestCaseExecutor.java:285)
	at com.kms.katalon.core.main.TestCaseExecutor.processExecutionPhase(TestCaseExecutor.java:264)
	at com.kms.katalon.core.main.TestCaseExecutor.accessMainPhase(TestCaseExecutor.java:256)
	at com.kms.katalon.core.main.TestCaseExecutor.execute(TestCaseExecutor.java:200)
	at com.kms.katalon.core.main.TestSuiteExecutor.accessTestCaseMainPhase(TestSuiteExecutor.java:129)
	at com.kms.katalon.core.main.TestSuiteExecutor.accessTestSuiteMainPhase(TestSuiteExecutor.java:112)
	at com.kms.katalon.core.main.TestSuiteExecutor.execute(TestSuiteExecutor.java:81)
	at com.kms.katalon.core.main.TestCaseMain.startTestSuite(TestCaseMain.java:142)
	at com.kms.katalon.core.main.TestCaseMain$startTestSuite$0.call(Unknown Source)
	at org.codehaus.groovy.runtime.callsite.CallSiteArray.defaultCall(CallSiteArray.java:48)
	at org.codehaus.groovy.runtime.callsite.AbstractCallSite.call(AbstractCallSite.java:113)
	at org.codehaus.groovy.runtime.callsite.AbstractCallSite.call(AbstractCallSite.java:141)
	at TempTestSuite1539150327712.run(TempTestSuite1539150327712.groovy:36)
	at groovy.lang.GroovyShell.runScriptOrMainOrTestOrRunnable(GroovyShell.java:263)
	at groovy.lang.GroovyShell.run(GroovyShell.java:518)
	at groovy.lang.GroovyShell.run(GroovyShell.java:507)
	at groovy.ui.GroovyMain.processOnce(GroovyMain.java:653)
	at groovy.ui.GroovyMain.run(GroovyMain.java:384)
	at groovy.ui.GroovyMain.process(GroovyMain.java:370)
	at groovy.ui.GroovyMain.processArgs(GroovyMain.java:129)
	at groovy.ui.GroovyMain.main(GroovyMain.java:109)
	at sun.reflect.NativeMethodAccessorImpl.invoke0(Native Method)
	at sun.reflect.NativeMethodAccessorImpl.invoke(NativeMethodAccessorImpl.java:62)
	at sun.reflect.DelegatingMethodAccessorImpl.invoke(DelegatingMethodAccessorImpl.java:43)
	at java.lang.reflect.Method.invoke(Method.java:498)
	at org.codehaus.groovy.tools.GroovyStarter.rootLoader(GroovyStarter.java:109)
	at org.codehaus.groovy.tools.GroovyStarter.main(GroovyStarter.java:131)
)]]></system-out>
      <system-err><![CDATA[2018-10-10 11:15:32 - [TEST_SUITE][FAILED] - TS_Notification_Email_Service: Test Cases/WebService/Notification/TC_emptyBody FAILED because (of) (Stack trace: com.kms.katalon.core.exception.StepFailedException: Unable to send request (Root cause: java.net.ConnectException: Connection timed out: connect)
	at com.kms.katalon.core.keyword.internal.KeywordMain.stepFailed(KeywordMain.groovy:36)
	at com.kms.katalon.core.keyword.internal.KeywordMain.stepFailed(KeywordMain.groovy)
	at com.kms.katalon.core.keyword.internal.KeywordMain.runKeyword(KeywordMain.groovy:56)
	at com.kms.katalon.core.webservice.keyword.builtin.SendRequestKeyword.sendRequest(SendRequestKeyword.groovy:43)
	at com.kms.katalon.core.webservice.keyword.builtin.SendRequestKeyword.execute(SendRequestKeyword.groovy:38)
	at com.kms.katalon.core.keyword.internal.KeywordExecutor.executeKeywordForPlatform(KeywordExecutor.groovy:53)
	at com.kms.katalon.core.webservice.keyword.WSBuiltInKeywords.sendRequest(WSBuiltInKeywords.groovy:40)
	at com.kms.katalon.core.webservice.keyword.WSBuiltInKeywords$sendRequest.call(Unknown Source)
	at org.codehaus.groovy.runtime.callsite.CallSiteArray.defaultCall(CallSiteArray.java:48)
	at org.codehaus.groovy.runtime.callsite.AbstractCallSite.call(AbstractCallSite.java:113)
	at org.codehaus.groovy.runtime.callsite.AbstractCallSite.call(AbstractCallSite.java:125)
	at Script1538045536586.run(Script1538045536586.groovy:16)
	at com.kms.katalon.core.main.ScriptEngine.run(ScriptEngine.java:183)
	at com.kms.katalon.core.main.ScriptEngine.runScriptAsRawText(ScriptEngine.java:108)
	at com.kms.katalon.core.main.TestCaseExecutor.runScript(TestCaseExecutor.java:294)
	at com.kms.katalon.core.main.TestCaseExecutor.doExecute(TestCaseExecutor.java:285)
	at com.kms.katalon.core.main.TestCaseExecutor.processExecutionPhase(TestCaseExecutor.java:264)
	at com.kms.katalon.core.main.TestCaseExecutor.accessMainPhase(TestCaseExecutor.java:256)
	at com.kms.katalon.core.main.TestCaseExecutor.execute(TestCaseExecutor.java:200)
	at com.kms.katalon.core.main.TestSuiteExecutor.accessTestCaseMainPhase(TestSuiteExecutor.java:129)
	at com.kms.katalon.core.main.TestSuiteExecutor.accessTestSuiteMainPhase(TestSuiteExecutor.java:112)
	at com.kms.katalon.core.main.TestSuiteExecutor.execute(TestSuiteExecutor.java:81)
	at com.kms.katalon.core.main.TestCaseMain.startTestSuite(TestCaseMain.java:142)
	at com.kms.katalon.core.main.TestCaseMain$startTestSuite$0.call(Unknown Source)
	at org.codehaus.groovy.runtime.callsite.CallSiteArray.defaultCall(CallSiteArray.java:48)
	at org.codehaus.groovy.runtime.callsite.AbstractCallSite.call(AbstractCallSite.java:113)
	at org.codehaus.groovy.runtime.callsite.AbstractCallSite.call(AbstractCallSite.java:141)
	at TempTestSuite1539150327712.run(TempTestSuite1539150327712.groovy:36)
	at groovy.lang.GroovyShell.runScriptOrMainOrTestOrRunnable(GroovyShell.java:263)
	at groovy.lang.GroovyShell.run(GroovyShell.java:518)
	at groovy.lang.GroovyShell.run(GroovyShell.java:507)
	at groovy.ui.GroovyMain.processOnce(GroovyMain.java:653)
	at groovy.ui.GroovyMain.run(GroovyMain.java:384)
	at groovy.ui.GroovyMain.process(GroovyMain.java:370)
	at groovy.ui.GroovyMain.processArgs(GroovyMain.java:129)
	at groovy.ui.GroovyMain.main(GroovyMain.java:109)
	at sun.reflect.NativeMethodAccessorImpl.invoke0(Native Method)
	at sun.reflect.NativeMethodAccessorImpl.invoke(NativeMethodAccessorImpl.java:62)
	at sun.reflect.DelegatingMethodAccessorImpl.invoke(DelegatingMethodAccessorImpl.java:43)
	at java.lang.reflect.Method.invoke(Method.java:498)
	at org.codehaus.groovy.tools.GroovyStarter.rootLoader(GroovyStarter.java:109)
	at org.codehaus.groovy.tools.GroovyStarter.main(GroovyStarter.java:131)
)]]></system-err>
   </testsuite>
</testsuites>
